<?xml version="1.0" encoding="UTF-8"?>
<!-- Generated by org.testng.reporters.JUnitReportReporter -->
<testsuite hostname="DESKTOP-1H1H5M0" failures="0" tests="1" name="testscript.HomeTest" time="11.833" errors="0" timestamp="2025-06-19T10:45:48 IST" skipped="0">
  <testcase classname="testscript.HomeTest" name="verifywhetherUserIsAbleToLogoutSuccessfully" time="11.833"/>
</testsuite> <!-- testscript.HomeTest -->
