<?xml version="1.0" encoding="UTF-8"?>
<!-- Generated by org.testng.reporters.JUnitReportReporter -->
<testsuite hostname="DESKTOP-1H1H5M0" failures="0" tests="1" name="testscript.HomeTest" time="8.088" errors="0" timestamp="2025-06-15T12:58:29 IST" skipped="0">
  <testcase classname="testscript.HomeTest" name="verifywhetherUserIsAbleToLogoutSuccessfully" time="8.088"/>
</testsuite> <!-- testscript.HomeTest -->
