<?xml version="1.0" encoding="UTF-8"?>
<!-- Generated by org.testng.reporters.JUnitReportReporter -->
<testsuite hostname="DESKTOP-1H1H5M0" failures="0" tests="2" name="testscript.ManageNewsTest" time="16.740" errors="0" timestamp="2025-06-18T10:05:02 IST" skipped="0">
  <testcase classname="testscript.ManageNewsTest" name="verifyWhetherUserIsAbleToAddNewNews" time="8.799"/>
  <testcase classname="testscript.ManageNewsTest" name="verifyWhetherUserIsAbleToSearchAddedNews" time="7.941"/>
</testsuite> <!-- testscript.ManageNewsTest -->
