<?xml version="1.0" encoding="UTF-8"?>
<!-- Generated by org.testng.reporters.JUnitReportReporter -->
<testsuite hostname="DESKTOP-1H1H5M0" failures="0" tests="2" name="testscript.LoginTest" time="10.072" errors="0" timestamp="2025-06-17T11:15:48 IST" skipped="0">
  <testcase classname="testscript.LoginTest" name="verifyUserLoginWithInvalidCredentials" time="5.983"/>
  <testcase classname="testscript.LoginTest" name="verifyUserLoginWithInvalidCredentials" time="4.089"/>
</testsuite> <!-- testscript.LoginTest -->
