<?xml version="1.0" encoding="UTF-8"?>
<!-- Generated by org.testng.reporters.JUnitReportReporter -->
<testsuite hostname="DESKTOP-1H1H5M0" failures="0" tests="1" name="testscript.LoginTest" time="16.610" errors="0" timestamp="2025-06-10T10:30:29 IST" skipped="0">
  <testcase classname="testscript.LoginTest" name="verifyUserLoginWithValidCredentials" time="16.610"/>
</testsuite> <!-- testscript.LoginTest -->
