<?xml version="1.0" encoding="UTF-8"?>
<!-- Generated by org.testng.reporters.JUnitReportReporter -->
<testsuite hostname="DESKTOP-1H1H5M0" failures="0" tests="2" name="testscript.AdminUsersTest" time="29.339" errors="0" timestamp="2025-06-15T20:26:26 IST" skipped="0">
  <testcase classname="testscript.AdminUsersTest" name="verifyWhetherUserIsAbleToAddNewAdminUser" time="13.463"/>
  <testcase classname="testscript.AdminUsersTest" name="verifyWhetherUserIsAbleToSearchForAUser" time="15.876"/>
</testsuite> <!-- testscript.AdminUsersTest -->
