<?xml version="1.0" encoding="UTF-8"?>
<!-- Generated by org.testng.reporters.JUnitReportReporter -->
<testsuite hostname="DESKTOP-1H1H5M0" failures="0" tests="2" name="testscript.AdminUsersTest" time="21.824" errors="0" timestamp="2025-06-20T09:38:04 IST" skipped="0">
  <testcase classname="testscript.AdminUsersTest" name="verifyWhetherUserIsAbleToSearchForAUser" time="7.927"/>
  <testcase classname="testscript.AdminUsersTest" name="verifyWhetherUserIsAbleToAddNewAdminUser" time="13.897"/>
</testsuite> <!-- testscript.AdminUsersTest -->
