<?xml version="1.0" encoding="UTF-8"?>
<!-- Generated by org.testng.reporters.JUnitReportReporter -->
<testsuite hostname="DESKTOP-1H1H5M0" failures="0" tests="1" name="testscript.ManageCategoryTest" time="13.024" errors="0" timestamp="2025-06-13T10:45:26 IST" skipped="0">
  <testcase classname="testscript.ManageCategoryTest" name="verifywhetherUserIsAbleToAddNewCategory" time="13.024"/>
</testsuite> <!-- testscript.ManageCategoryTest -->
