<?xml version="1.0" encoding="UTF-8"?>
<!-- Generated by org.testng.reporters.JUnitReportReporter -->
<testsuite hostname="DESKTOP-1H1H5M0" failures="0" tests="6" name="testscript.LoginTest" time="41.832" errors="0" timestamp="2025-06-19T10:31:13 IST" skipped="0">
  <testcase classname="testscript.LoginTest" name="verifyUserLoginWithValidCredentials" time="10.432"/>
  <testcase classname="testscript.LoginTest" name="verifyUserLoginWithValidUsernameAndInvalidPassword" time="11.486"/>
  <testcase classname="testscript.LoginTest" name="verifyUserLoginWithInValidUsernameAndValidPassword" time="4.333"/>
  <testcase classname="testscript.LoginTest" name="verifyUserLoginWithInvalidCredentials" time="5.166"/>
  <testcase classname="testscript.LoginTest" name="verifyUserLoginWithInvalidCredentials" time="3.873"/>
  <testcase classname="testscript.LoginTest" name="verifyUserLoginWithInvalidCredentials" time="6.542"/>
</testsuite> <!-- testscript.LoginTest -->
